E:\GITHUB\LIGHTINGESTIMATION\LIGHTINGESTIMATION\LIGHTINGESTIMATION_SINGLE\X64\DEBUG\GRADIENTFILTER.OBJ
E:\GITHUB\LIGHTINGESTIMATION\LIGHTINGESTIMATION\LIGHTINGESTIMATION_SINGLE\X64\DEBUG\LIGHTINGESTIMATION_MARKER.OBJ
E:\GITHUB\LIGHTINGESTIMATION\LIGHTINGESTIMATION\LIGHTINGESTIMATION_SINGLE\X64\DEBUG\SOURCE.OBJ
E:\GITHUB\LIGHTINGESTIMATION\LIGHTINGESTIMATION\LIGHTINGESTIMATION_SINGLE\X64\DEBUG\VC110.PDB
E:\GITHUB\LIGHTINGESTIMATION\LIGHTINGESTIMATION\X64\DEBUG\LIGHTINGESTIMATION_SINGLE.ILK
E:\GITHUB\LIGHTINGESTIMATION\LIGHTINGESTIMATION\X64\DEBUG\LIGHTINGESTIMATION_SINGLE.EXE
E:\GITHUB\LIGHTINGESTIMATION\LIGHTINGESTIMATION\X64\DEBUG\LIGHTINGESTIMATION_SINGLE.PDB
E:\GitHub\LightingEstimation\LightingEstimation\LightingEstimation_single\x64\Debug\GradientFilter.obj
E:\GitHub\LightingEstimation\LightingEstimation\LightingEstimation_single\x64\Debug\LightingEstimation_marker.obj
E:\GitHub\LightingEstimation\LightingEstimation\LightingEstimation_single\x64\Debug\Source.obj
E:\GitHub\LightingEstimation\LightingEstimation\LightingEstimation_single\x64\Debug\cl.command.1.tlog
E:\GitHub\LightingEstimation\LightingEstimation\LightingEstimation_single\x64\Debug\CL.read.1.tlog
E:\GitHub\LightingEstimation\LightingEstimation\LightingEstimation_single\x64\Debug\CL.write.1.tlog
E:\GitHub\LightingEstimation\LightingEstimation\LightingEstimation_single\x64\Debug\link-cvtres.read.1.tlog
E:\GitHub\LightingEstimation\LightingEstimation\LightingEstimation_single\x64\Debug\link-cvtres.write.1.tlog
E:\GitHub\LightingEstimation\LightingEstimation\LightingEstimation_single\x64\Debug\link-rc.read.1.tlog
E:\GitHub\LightingEstimation\LightingEstimation\LightingEstimation_single\x64\Debug\link-rc.write.1.tlog
E:\GitHub\LightingEstimation\LightingEstimation\LightingEstimation_single\x64\Debug\link.command.1.tlog
E:\GitHub\LightingEstimation\LightingEstimation\LightingEstimation_single\x64\Debug\link.read.1.tlog
E:\GitHub\LightingEstimation\LightingEstimation\LightingEstimation_single\x64\Debug\link.write.1.tlog
E:\GitHub\LightingEstimation\LightingEstimation\LightingEstimation_single\x64\Debug\vc110.idb
E:\GitHub\LightingEstimation\LightingEstimation\LightingEstimation_single\x64\Debug\vc110.pdb
E:\GitHub\LightingEstimation\LightingEstimation\x64\Debug\LightingEstimation_single.pdb
E:\GitHub\LightingEstimation\LightingEstimation\x64\Debug\LightingEstimation_single.exe
E:\GitHub\LightingEstimation\LightingEstimation\x64\Debug\LightingEstimation_single.ilk
