已經開始建置於 2015/6/17 下午 03:15:24。
     1>節點 2 (Build 目標) 上的專案 "E:\GitHub\LightingEstimation\LightingEstimation\LightingEstimation_single\LightingEstimation_single.vcxproj"。
     1>ClCompile:
         C:\Program Files (x86)\Microsoft Visual Studio 11.0\VC\bin\CL.exe /c /IC:\opencv\build\include\opencv2 /IC:\opencv\build\include\opencv /IC:\opencv\build\include /I../include /I../include/nlopt /ZI /nologo /W3 /WX- /sdl /Od /Oy- /D WIN32 /D _DEBUG /D _CONSOLE /D _UNICODE /D UNICODE /Gm /EHsc /RTC1 /MDd /GS /fp:precise /Zc:wchar_t /Zc:forScope /Fo"Debug\\" /Fd"Debug\vc110.pdb" /Gd /TP /analyze- /errorReport:prompt GradientFilter.cpp LightingEstimation_marker.cpp Source.cpp
         Source.cpp
     1>e:\github\lightingestimation\lightingestimation\lightingestimation_single\source.cpp(85): warning C4018: '<' : signed/unsigned 不相符
     1>e:\github\lightingestimation\lightingestimation\lightingestimation_single\source.cpp(92): warning C4018: '<' : signed/unsigned 不相符
     1>e:\github\lightingestimation\lightingestimation\lightingestimation_single\source.cpp(107): warning C4018: '<' : signed/unsigned 不相符
         LightingEstimation_marker.cpp
     1>e:\github\lightingestimation\lightingestimation\lightingestimation_single\lightingestimation_marker.cpp(68): warning C4018: '<' : signed/unsigned 不相符
     1>e:\github\lightingestimation\lightingestimation\lightingestimation_single\lightingestimation_marker.cpp(87): warning C4018: '<' : signed/unsigned 不相符
     1>e:\github\lightingestimation\lightingestimation\lightingestimation_single\lightingestimation_marker.cpp(128): warning C4018: '<' : signed/unsigned 不相符
     1>e:\github\lightingestimation\lightingestimation\lightingestimation_single\lightingestimation_marker.cpp(137): warning C4018: '<' : signed/unsigned 不相符
     1>e:\github\lightingestimation\lightingestimation\lightingestimation_single\lightingestimation_marker.cpp(141): warning C4018: '<' : signed/unsigned 不相符
     1>e:\github\lightingestimation\lightingestimation\lightingestimation_single\lightingestimation_marker.cpp(190): warning C4018: '<' : signed/unsigned 不相符
     1>e:\github\lightingestimation\lightingestimation\lightingestimation_single\lightingestimation_marker.cpp(204): warning C4018: '<' : signed/unsigned 不相符
     1>e:\github\lightingestimation\lightingestimation\lightingestimation_single\lightingestimation_marker.cpp(219): warning C4018: '<' : signed/unsigned 不相符
     1>e:\github\lightingestimation\lightingestimation\lightingestimation_single\lightingestimation_marker.cpp(235): warning C4018: '<' : signed/unsigned 不相符
     1>e:\github\lightingestimation\lightingestimation\lightingestimation_single\lightingestimation_marker.cpp(295): warning C4018: '<' : signed/unsigned 不相符
     1>e:\github\lightingestimation\lightingestimation\lightingestimation_single\lightingestimation_marker.cpp(304): warning C4018: '<' : signed/unsigned 不相符
     1>e:\github\lightingestimation\lightingestimation\lightingestimation_single\lightingestimation_marker.cpp(340): warning C4018: '<' : signed/unsigned 不相符
     1>e:\github\lightingestimation\lightingestimation\lightingestimation_single\lightingestimation_marker.cpp(363): warning C4018: '<' : signed/unsigned 不相符
         GradientFilter.cpp
         正在產生程式碼...
       Link:
         C:\Program Files (x86)\Microsoft Visual Studio 11.0\VC\bin\link.exe /ERRORREPORT:PROMPT /OUT:"E:\GitHub\LightingEstimation\LightingEstimation\Debug\LightingEstimation_single.exe" /INCREMENTAL /NOLOGO /LIBPATH:C:\opencv\build\x64\vc11\lib /LIBPATH:../lib opencv_core247d.lib opencv_highgui247d.lib opencv_video247d.lib opencv_ml247d.lib opencv_legacy247d.lib opencv_imgproc247d.lib opencv_features2d247d.lib opencv_objdetect247d.lib opencv_calib3d247d.lib nlopt.lib kernel32.lib user32.lib gdi32.lib winspool.lib comdlg32.lib advapi32.lib shell32.lib ole32.lib oleaut32.lib uuid.lib odbc32.lib odbccp32.lib /MANIFEST /MANIFESTUAC:"level='asInvoker' uiAccess='false'" /manifest:embed /DEBUG /PDB:"E:\GitHub\LightingEstimation\LightingEstimation\Debug\LightingEstimation_single.pdb" /SUBSYSTEM:CONSOLE /TLBID:1 /DYNAMICBASE /NXCOMPAT /IMPLIB:"E:\GitHub\LightingEstimation\LightingEstimation\Debug\LightingEstimation_single.lib" /MACHINE:X86 Debug\GradientFilter.obj
         Debug\LightingEstimation_marker.obj
         Debug\Source.obj
     1>opencv_core247d.lib(opencv_core247d.dll) : fatal error LNK1112: 模組電腦類型 'x64' 與目標電腦類型 'X86' 衝突
     1>專案 "E:\GitHub\LightingEstimation\LightingEstimation\LightingEstimation_single\LightingEstimation_single.vcxproj" (Build 目標) 建置完成 -- 失敗。

建置失敗。

經過時間 00:00:03.51
