E:\GITHUB\LIGHTINGESTIMATION\LIGHTINGESTIMATION\LIGHTINGESTIMATION_SINGLE\X64\RELEASE\SOURCE.OBJ
E:\GITHUB\LIGHTINGESTIMATION\LIGHTINGESTIMATION\LIGHTINGESTIMATION_SINGLE\X64\RELEASE\LIGHTINGESTIMATION_MARKER.OBJ
E:\GITHUB\LIGHTINGESTIMATION\LIGHTINGESTIMATION\LIGHTINGESTIMATION_SINGLE\X64\RELEASE\GRADIENTFILTER.OBJ
E:\GITHUB\LIGHTINGESTIMATION\LIGHTINGESTIMATION\LIGHTINGESTIMATION_SINGLE\X64\RELEASE\VC110.PDB
E:\GITHUB\LIGHTINGESTIMATION\LIGHTINGESTIMATION\X64\RELEASE\LIGHTINGESTIMATION_SINGLE.EXE
E:\GITHUB\LIGHTINGESTIMATION\LIGHTINGESTIMATION\X64\RELEASE\LIGHTINGESTIMATION_SINGLE.PDB
E:\GitHub\LightingEstimation\LightingEstimation\LightingEstimation_single\x64\Release\GradientFilter.obj
E:\GitHub\LightingEstimation\LightingEstimation\LightingEstimation_single\x64\Release\LightingEstimation_marker.obj
E:\GitHub\LightingEstimation\LightingEstimation\LightingEstimation_single\x64\Release\Source.obj
E:\GitHub\LightingEstimation\LightingEstimation\LightingEstimation_single\x64\Release\cl.command.1.tlog
E:\GitHub\LightingEstimation\LightingEstimation\LightingEstimation_single\x64\Release\CL.read.1.tlog
E:\GitHub\LightingEstimation\LightingEstimation\LightingEstimation_single\x64\Release\CL.write.1.tlog
E:\GitHub\LightingEstimation\LightingEstimation\LightingEstimation_single\x64\Release\link-cvtres.read.1.tlog
E:\GitHub\LightingEstimation\LightingEstimation\LightingEstimation_single\x64\Release\link-cvtres.write.1.tlog
E:\GitHub\LightingEstimation\LightingEstimation\LightingEstimation_single\x64\Release\link-rc.read.1.tlog
E:\GitHub\LightingEstimation\LightingEstimation\LightingEstimation_single\x64\Release\link-rc.write.1.tlog
E:\GitHub\LightingEstimation\LightingEstimation\LightingEstimation_single\x64\Release\link.command.1.tlog
E:\GitHub\LightingEstimation\LightingEstimation\LightingEstimation_single\x64\Release\link.read.1.tlog
E:\GitHub\LightingEstimation\LightingEstimation\LightingEstimation_single\x64\Release\link.write.1.tlog
E:\GitHub\LightingEstimation\LightingEstimation\LightingEstimation_single\x64\Release\vc110.pdb
E:\GitHub\LightingEstimation\LightingEstimation\x64\Release\LightingEstimation_single.pdb
E:\GitHub\LightingEstimation\LightingEstimation\x64\Release\LightingEstimation_single.exe
