E:\GITHUB\LIGHTINGESTIMATION\LIGHTINGESTIMATION\LIGHTINGESTIMATION_MARKER\X64\DEBUG\GRADIENTFILTER.OBJ
E:\GITHUB\LIGHTINGESTIMATION\LIGHTINGESTIMATION\LIGHTINGESTIMATION_MARKER\X64\DEBUG\LIGHTINGESTIMATION.OBJ
E:\GITHUB\LIGHTINGESTIMATION\LIGHTINGESTIMATION\LIGHTINGESTIMATION_MARKER\X64\DEBUG\LIGHTINGESTIMATION_MARKER.OBJ
E:\GITHUB\LIGHTINGESTIMATION\LIGHTINGESTIMATION\LIGHTINGESTIMATION_MARKER\X64\DEBUG\SOURCE.OBJ
E:\GITHUB\LIGHTINGESTIMATION\LIGHTINGESTIMATION\LIGHTINGESTIMATION_MARKER\X64\DEBUG\VC110.PDB
E:\GITHUB\LIGHTINGESTIMATION\LIGHTINGESTIMATION\LIGHTINGESTIMATION_MARKER\X64\DEBUG\LIGHT.OBJ
E:\GITHUB\LIGHTINGESTIMATION\LIGHTINGESTIMATION\X64\DEBUG\LIGHTINGESTIMATION_MARKER.ILK
E:\GITHUB\LIGHTINGESTIMATION\LIGHTINGESTIMATION\X64\DEBUG\LIGHTINGESTIMATION_MARKER.EXE
E:\GITHUB\LIGHTINGESTIMATION\LIGHTINGESTIMATION\X64\DEBUG\LIGHTINGESTIMATION_MARKER.PDB
E:\GitHub\LightingEstimation\LightingEstimation\LightingEstimation_marker\x64\Debug\GradientFilter.obj
E:\GitHub\LightingEstimation\LightingEstimation\LightingEstimation_marker\x64\Debug\Light.obj
E:\GitHub\LightingEstimation\LightingEstimation\LightingEstimation_marker\x64\Debug\LightingEstimation.obj
E:\GitHub\LightingEstimation\LightingEstimation\LightingEstimation_marker\x64\Debug\LightingEstimation_marker.obj
E:\GitHub\LightingEstimation\LightingEstimation\LightingEstimation_marker\x64\Debug\Source.obj
E:\GitHub\LightingEstimation\LightingEstimation\LightingEstimation_marker\x64\Debug\cl.command.1.tlog
E:\GitHub\LightingEstimation\LightingEstimation\LightingEstimation_marker\x64\Debug\CL.read.1.tlog
E:\GitHub\LightingEstimation\LightingEstimation\LightingEstimation_marker\x64\Debug\CL.write.1.tlog
E:\GitHub\LightingEstimation\LightingEstimation\LightingEstimation_marker\x64\Debug\link-cvtres.read.1.tlog
E:\GitHub\LightingEstimation\LightingEstimation\LightingEstimation_marker\x64\Debug\link-cvtres.write.1.tlog
E:\GitHub\LightingEstimation\LightingEstimation\LightingEstimation_marker\x64\Debug\link-rc.read.1.tlog
E:\GitHub\LightingEstimation\LightingEstimation\LightingEstimation_marker\x64\Debug\link-rc.write.1.tlog
E:\GitHub\LightingEstimation\LightingEstimation\LightingEstimation_marker\x64\Debug\link.10004-cvtres.read.1.tlog
E:\GitHub\LightingEstimation\LightingEstimation\LightingEstimation_marker\x64\Debug\link.10004-cvtres.write.1.tlog
E:\GitHub\LightingEstimation\LightingEstimation\LightingEstimation_marker\x64\Debug\link.10004-rc.read.1.tlog
E:\GitHub\LightingEstimation\LightingEstimation\LightingEstimation_marker\x64\Debug\link.10004-rc.write.1.tlog
E:\GitHub\LightingEstimation\LightingEstimation\LightingEstimation_marker\x64\Debug\link.10004.read.1.tlog
E:\GitHub\LightingEstimation\LightingEstimation\LightingEstimation_marker\x64\Debug\link.10004.write.1.tlog
E:\GitHub\LightingEstimation\LightingEstimation\LightingEstimation_marker\x64\Debug\link.10100-cvtres.read.1.tlog
E:\GitHub\LightingEstimation\LightingEstimation\LightingEstimation_marker\x64\Debug\link.10100-cvtres.write.1.tlog
E:\GitHub\LightingEstimation\LightingEstimation\LightingEstimation_marker\x64\Debug\link.10100-rc.read.1.tlog
E:\GitHub\LightingEstimation\LightingEstimation\LightingEstimation_marker\x64\Debug\link.10100-rc.write.1.tlog
E:\GitHub\LightingEstimation\LightingEstimation\LightingEstimation_marker\x64\Debug\link.10100.read.1.tlog
E:\GitHub\LightingEstimation\LightingEstimation\LightingEstimation_marker\x64\Debug\link.10100.write.1.tlog
E:\GitHub\LightingEstimation\LightingEstimation\LightingEstimation_marker\x64\Debug\link.10200-cvtres.read.1.tlog
E:\GitHub\LightingEstimation\LightingEstimation\LightingEstimation_marker\x64\Debug\link.10200-cvtres.write.1.tlog
E:\GitHub\LightingEstimation\LightingEstimation\LightingEstimation_marker\x64\Debug\link.10200-rc.read.1.tlog
E:\GitHub\LightingEstimation\LightingEstimation\LightingEstimation_marker\x64\Debug\link.10200-rc.write.1.tlog
E:\GitHub\LightingEstimation\LightingEstimation\LightingEstimation_marker\x64\Debug\link.10200.read.1.tlog
E:\GitHub\LightingEstimation\LightingEstimation\LightingEstimation_marker\x64\Debug\link.10200.write.1.tlog
E:\GitHub\LightingEstimation\LightingEstimation\LightingEstimation_marker\x64\Debug\link.10236-cvtres.read.1.tlog
E:\GitHub\LightingEstimation\LightingEstimation\LightingEstimation_marker\x64\Debug\link.10236-cvtres.write.1.tlog
E:\GitHub\LightingEstimation\LightingEstimation\LightingEstimation_marker\x64\Debug\link.10236-rc.read.1.tlog
E:\GitHub\LightingEstimation\LightingEstimation\LightingEstimation_marker\x64\Debug\link.10236-rc.write.1.tlog
E:\GitHub\LightingEstimation\LightingEstimation\LightingEstimation_marker\x64\Debug\link.10236.read.1.tlog
E:\GitHub\LightingEstimation\LightingEstimation\LightingEstimation_marker\x64\Debug\link.10236.write.1.tlog
E:\GitHub\LightingEstimation\LightingEstimation\LightingEstimation_marker\x64\Debug\link.1676-cvtres.read.1.tlog
E:\GitHub\LightingEstimation\LightingEstimation\LightingEstimation_marker\x64\Debug\link.1676-cvtres.write.1.tlog
E:\GitHub\LightingEstimation\LightingEstimation\LightingEstimation_marker\x64\Debug\link.1676-rc.read.1.tlog
E:\GitHub\LightingEstimation\LightingEstimation\LightingEstimation_marker\x64\Debug\link.1676-rc.write.1.tlog
E:\GitHub\LightingEstimation\LightingEstimation\LightingEstimation_marker\x64\Debug\link.1676.read.1.tlog
E:\GitHub\LightingEstimation\LightingEstimation\LightingEstimation_marker\x64\Debug\link.1676.write.1.tlog
E:\GitHub\LightingEstimation\LightingEstimation\LightingEstimation_marker\x64\Debug\link.184-cvtres.read.1.tlog
E:\GitHub\LightingEstimation\LightingEstimation\LightingEstimation_marker\x64\Debug\link.184-cvtres.write.1.tlog
E:\GitHub\LightingEstimation\LightingEstimation\LightingEstimation_marker\x64\Debug\link.184-rc.read.1.tlog
E:\GitHub\LightingEstimation\LightingEstimation\LightingEstimation_marker\x64\Debug\link.184-rc.write.1.tlog
E:\GitHub\LightingEstimation\LightingEstimation\LightingEstimation_marker\x64\Debug\link.184.read.1.tlog
E:\GitHub\LightingEstimation\LightingEstimation\LightingEstimation_marker\x64\Debug\link.184.write.1.tlog
E:\GitHub\LightingEstimation\LightingEstimation\LightingEstimation_marker\x64\Debug\link.20360-cvtres.read.1.tlog
E:\GitHub\LightingEstimation\LightingEstimation\LightingEstimation_marker\x64\Debug\link.20360-cvtres.write.1.tlog
E:\GitHub\LightingEstimation\LightingEstimation\LightingEstimation_marker\x64\Debug\link.20360-rc.read.1.tlog
E:\GitHub\LightingEstimation\LightingEstimation\LightingEstimation_marker\x64\Debug\link.20360-rc.write.1.tlog
E:\GitHub\LightingEstimation\LightingEstimation\LightingEstimation_marker\x64\Debug\link.20360.read.1.tlog
E:\GitHub\LightingEstimation\LightingEstimation\LightingEstimation_marker\x64\Debug\link.20360.write.1.tlog
E:\GitHub\LightingEstimation\LightingEstimation\LightingEstimation_marker\x64\Debug\link.2404-cvtres.read.1.tlog
E:\GitHub\LightingEstimation\LightingEstimation\LightingEstimation_marker\x64\Debug\link.2404-cvtres.write.1.tlog
E:\GitHub\LightingEstimation\LightingEstimation\LightingEstimation_marker\x64\Debug\link.2404-rc.read.1.tlog
E:\GitHub\LightingEstimation\LightingEstimation\LightingEstimation_marker\x64\Debug\link.2404-rc.write.1.tlog
E:\GitHub\LightingEstimation\LightingEstimation\LightingEstimation_marker\x64\Debug\link.2404.read.1.tlog
E:\GitHub\LightingEstimation\LightingEstimation\LightingEstimation_marker\x64\Debug\link.2404.write.1.tlog
E:\GitHub\LightingEstimation\LightingEstimation\LightingEstimation_marker\x64\Debug\link.2644-cvtres.read.1.tlog
E:\GitHub\LightingEstimation\LightingEstimation\LightingEstimation_marker\x64\Debug\link.2644-cvtres.write.1.tlog
E:\GitHub\LightingEstimation\LightingEstimation\LightingEstimation_marker\x64\Debug\link.2644-rc.read.1.tlog
E:\GitHub\LightingEstimation\LightingEstimation\LightingEstimation_marker\x64\Debug\link.2644-rc.write.1.tlog
E:\GitHub\LightingEstimation\LightingEstimation\LightingEstimation_marker\x64\Debug\link.2644.read.1.tlog
E:\GitHub\LightingEstimation\LightingEstimation\LightingEstimation_marker\x64\Debug\link.2644.write.1.tlog
E:\GitHub\LightingEstimation\LightingEstimation\LightingEstimation_marker\x64\Debug\link.2776-cvtres.read.1.tlog
E:\GitHub\LightingEstimation\LightingEstimation\LightingEstimation_marker\x64\Debug\link.2776-cvtres.write.1.tlog
E:\GitHub\LightingEstimation\LightingEstimation\LightingEstimation_marker\x64\Debug\link.2776-rc.read.1.tlog
E:\GitHub\LightingEstimation\LightingEstimation\LightingEstimation_marker\x64\Debug\link.2776-rc.write.1.tlog
E:\GitHub\LightingEstimation\LightingEstimation\LightingEstimation_marker\x64\Debug\link.2776.read.1.tlog
E:\GitHub\LightingEstimation\LightingEstimation\LightingEstimation_marker\x64\Debug\link.2776.write.1.tlog
E:\GitHub\LightingEstimation\LightingEstimation\LightingEstimation_marker\x64\Debug\link.2812-cvtres.read.1.tlog
E:\GitHub\LightingEstimation\LightingEstimation\LightingEstimation_marker\x64\Debug\link.2812-cvtres.write.1.tlog
E:\GitHub\LightingEstimation\LightingEstimation\LightingEstimation_marker\x64\Debug\link.2812-rc.read.1.tlog
E:\GitHub\LightingEstimation\LightingEstimation\LightingEstimation_marker\x64\Debug\link.2812-rc.write.1.tlog
E:\GitHub\LightingEstimation\LightingEstimation\LightingEstimation_marker\x64\Debug\link.2812.read.1.tlog
E:\GitHub\LightingEstimation\LightingEstimation\LightingEstimation_marker\x64\Debug\link.2812.write.1.tlog
E:\GitHub\LightingEstimation\LightingEstimation\LightingEstimation_marker\x64\Debug\link.2872-cvtres.read.1.tlog
E:\GitHub\LightingEstimation\LightingEstimation\LightingEstimation_marker\x64\Debug\link.2872-cvtres.write.1.tlog
E:\GitHub\LightingEstimation\LightingEstimation\LightingEstimation_marker\x64\Debug\link.2872-rc.read.1.tlog
E:\GitHub\LightingEstimation\LightingEstimation\LightingEstimation_marker\x64\Debug\link.2872-rc.write.1.tlog
E:\GitHub\LightingEstimation\LightingEstimation\LightingEstimation_marker\x64\Debug\link.2872.read.1.tlog
E:\GitHub\LightingEstimation\LightingEstimation\LightingEstimation_marker\x64\Debug\link.2872.write.1.tlog
E:\GitHub\LightingEstimation\LightingEstimation\LightingEstimation_marker\x64\Debug\link.288-cvtres.read.1.tlog
E:\GitHub\LightingEstimation\LightingEstimation\LightingEstimation_marker\x64\Debug\link.288-cvtres.write.1.tlog
E:\GitHub\LightingEstimation\LightingEstimation\LightingEstimation_marker\x64\Debug\link.288-rc.read.1.tlog
E:\GitHub\LightingEstimation\LightingEstimation\LightingEstimation_marker\x64\Debug\link.288-rc.write.1.tlog
E:\GitHub\LightingEstimation\LightingEstimation\LightingEstimation_marker\x64\Debug\link.288.read.1.tlog
E:\GitHub\LightingEstimation\LightingEstimation\LightingEstimation_marker\x64\Debug\link.288.write.1.tlog
E:\GitHub\LightingEstimation\LightingEstimation\LightingEstimation_marker\x64\Debug\link.296-cvtres.read.1.tlog
E:\GitHub\LightingEstimation\LightingEstimation\LightingEstimation_marker\x64\Debug\link.296-cvtres.write.1.tlog
E:\GitHub\LightingEstimation\LightingEstimation\LightingEstimation_marker\x64\Debug\link.296-rc.read.1.tlog
E:\GitHub\LightingEstimation\LightingEstimation\LightingEstimation_marker\x64\Debug\link.296-rc.write.1.tlog
E:\GitHub\LightingEstimation\LightingEstimation\LightingEstimation_marker\x64\Debug\link.296.read.1.tlog
E:\GitHub\LightingEstimation\LightingEstimation\LightingEstimation_marker\x64\Debug\link.296.write.1.tlog
E:\GitHub\LightingEstimation\LightingEstimation\LightingEstimation_marker\x64\Debug\link.3804-cvtres.read.1.tlog
E:\GitHub\LightingEstimation\LightingEstimation\LightingEstimation_marker\x64\Debug\link.3804-cvtres.write.1.tlog
E:\GitHub\LightingEstimation\LightingEstimation\LightingEstimation_marker\x64\Debug\link.3804-rc.read.1.tlog
E:\GitHub\LightingEstimation\LightingEstimation\LightingEstimation_marker\x64\Debug\link.3804-rc.write.1.tlog
E:\GitHub\LightingEstimation\LightingEstimation\LightingEstimation_marker\x64\Debug\link.3804.read.1.tlog
E:\GitHub\LightingEstimation\LightingEstimation\LightingEstimation_marker\x64\Debug\link.3804.write.1.tlog
E:\GitHub\LightingEstimation\LightingEstimation\LightingEstimation_marker\x64\Debug\link.3936-cvtres.read.1.tlog
E:\GitHub\LightingEstimation\LightingEstimation\LightingEstimation_marker\x64\Debug\link.3936-cvtres.write.1.tlog
E:\GitHub\LightingEstimation\LightingEstimation\LightingEstimation_marker\x64\Debug\link.3936-rc.read.1.tlog
E:\GitHub\LightingEstimation\LightingEstimation\LightingEstimation_marker\x64\Debug\link.3936-rc.write.1.tlog
E:\GitHub\LightingEstimation\LightingEstimation\LightingEstimation_marker\x64\Debug\link.3936.read.1.tlog
E:\GitHub\LightingEstimation\LightingEstimation\LightingEstimation_marker\x64\Debug\link.3936.write.1.tlog
E:\GitHub\LightingEstimation\LightingEstimation\LightingEstimation_marker\x64\Debug\link.4596-cvtres.read.1.tlog
E:\GitHub\LightingEstimation\LightingEstimation\LightingEstimation_marker\x64\Debug\link.4596-cvtres.write.1.tlog
E:\GitHub\LightingEstimation\LightingEstimation\LightingEstimation_marker\x64\Debug\link.4596-rc.read.1.tlog
E:\GitHub\LightingEstimation\LightingEstimation\LightingEstimation_marker\x64\Debug\link.4596-rc.write.1.tlog
E:\GitHub\LightingEstimation\LightingEstimation\LightingEstimation_marker\x64\Debug\link.4596.read.1.tlog
E:\GitHub\LightingEstimation\LightingEstimation\LightingEstimation_marker\x64\Debug\link.4596.write.1.tlog
E:\GitHub\LightingEstimation\LightingEstimation\LightingEstimation_marker\x64\Debug\link.53804-cvtres.read.1.tlog
E:\GitHub\LightingEstimation\LightingEstimation\LightingEstimation_marker\x64\Debug\link.53804-cvtres.write.1.tlog
E:\GitHub\LightingEstimation\LightingEstimation\LightingEstimation_marker\x64\Debug\link.53804-rc.read.1.tlog
E:\GitHub\LightingEstimation\LightingEstimation\LightingEstimation_marker\x64\Debug\link.53804-rc.write.1.tlog
E:\GitHub\LightingEstimation\LightingEstimation\LightingEstimation_marker\x64\Debug\link.53804.read.1.tlog
E:\GitHub\LightingEstimation\LightingEstimation\LightingEstimation_marker\x64\Debug\link.53804.write.1.tlog
E:\GitHub\LightingEstimation\LightingEstimation\LightingEstimation_marker\x64\Debug\link.5444-cvtres.read.1.tlog
E:\GitHub\LightingEstimation\LightingEstimation\LightingEstimation_marker\x64\Debug\link.5444-cvtres.write.1.tlog
E:\GitHub\LightingEstimation\LightingEstimation\LightingEstimation_marker\x64\Debug\link.5444-rc.read.1.tlog
E:\GitHub\LightingEstimation\LightingEstimation\LightingEstimation_marker\x64\Debug\link.5444-rc.write.1.tlog
E:\GitHub\LightingEstimation\LightingEstimation\LightingEstimation_marker\x64\Debug\link.5444.read.1.tlog
E:\GitHub\LightingEstimation\LightingEstimation\LightingEstimation_marker\x64\Debug\link.5444.write.1.tlog
E:\GitHub\LightingEstimation\LightingEstimation\LightingEstimation_marker\x64\Debug\link.5464-cvtres.read.1.tlog
E:\GitHub\LightingEstimation\LightingEstimation\LightingEstimation_marker\x64\Debug\link.5464-cvtres.write.1.tlog
E:\GitHub\LightingEstimation\LightingEstimation\LightingEstimation_marker\x64\Debug\link.5464-rc.read.1.tlog
E:\GitHub\LightingEstimation\LightingEstimation\LightingEstimation_marker\x64\Debug\link.5464-rc.write.1.tlog
E:\GitHub\LightingEstimation\LightingEstimation\LightingEstimation_marker\x64\Debug\link.5464.read.1.tlog
E:\GitHub\LightingEstimation\LightingEstimation\LightingEstimation_marker\x64\Debug\link.5464.write.1.tlog
E:\GitHub\LightingEstimation\LightingEstimation\LightingEstimation_marker\x64\Debug\link.54648-cvtres.read.1.tlog
E:\GitHub\LightingEstimation\LightingEstimation\LightingEstimation_marker\x64\Debug\link.54648-cvtres.write.1.tlog
E:\GitHub\LightingEstimation\LightingEstimation\LightingEstimation_marker\x64\Debug\link.54648-rc.read.1.tlog
E:\GitHub\LightingEstimation\LightingEstimation\LightingEstimation_marker\x64\Debug\link.54648-rc.write.1.tlog
E:\GitHub\LightingEstimation\LightingEstimation\LightingEstimation_marker\x64\Debug\link.54648.read.1.tlog
E:\GitHub\LightingEstimation\LightingEstimation\LightingEstimation_marker\x64\Debug\link.54648.write.1.tlog
E:\GitHub\LightingEstimation\LightingEstimation\LightingEstimation_marker\x64\Debug\link.5492-cvtres.read.1.tlog
E:\GitHub\LightingEstimation\LightingEstimation\LightingEstimation_marker\x64\Debug\link.5492-cvtres.write.1.tlog
E:\GitHub\LightingEstimation\LightingEstimation\LightingEstimation_marker\x64\Debug\link.5492-rc.read.1.tlog
E:\GitHub\LightingEstimation\LightingEstimation\LightingEstimation_marker\x64\Debug\link.5492-rc.write.1.tlog
E:\GitHub\LightingEstimation\LightingEstimation\LightingEstimation_marker\x64\Debug\link.5492.read.1.tlog
E:\GitHub\LightingEstimation\LightingEstimation\LightingEstimation_marker\x64\Debug\link.5492.write.1.tlog
E:\GitHub\LightingEstimation\LightingEstimation\LightingEstimation_marker\x64\Debug\link.55092-cvtres.read.1.tlog
E:\GitHub\LightingEstimation\LightingEstimation\LightingEstimation_marker\x64\Debug\link.55092-cvtres.write.1.tlog
E:\GitHub\LightingEstimation\LightingEstimation\LightingEstimation_marker\x64\Debug\link.55092-rc.read.1.tlog
E:\GitHub\LightingEstimation\LightingEstimation\LightingEstimation_marker\x64\Debug\link.55092-rc.write.1.tlog
E:\GitHub\LightingEstimation\LightingEstimation\LightingEstimation_marker\x64\Debug\link.55092.read.1.tlog
E:\GitHub\LightingEstimation\LightingEstimation\LightingEstimation_marker\x64\Debug\link.55092.write.1.tlog
E:\GitHub\LightingEstimation\LightingEstimation\LightingEstimation_marker\x64\Debug\link.55424-cvtres.read.1.tlog
E:\GitHub\LightingEstimation\LightingEstimation\LightingEstimation_marker\x64\Debug\link.55424-cvtres.write.1.tlog
E:\GitHub\LightingEstimation\LightingEstimation\LightingEstimation_marker\x64\Debug\link.55424-rc.read.1.tlog
E:\GitHub\LightingEstimation\LightingEstimation\LightingEstimation_marker\x64\Debug\link.55424-rc.write.1.tlog
E:\GitHub\LightingEstimation\LightingEstimation\LightingEstimation_marker\x64\Debug\link.55424.read.1.tlog
E:\GitHub\LightingEstimation\LightingEstimation\LightingEstimation_marker\x64\Debug\link.55424.write.1.tlog
E:\GitHub\LightingEstimation\LightingEstimation\LightingEstimation_marker\x64\Debug\link.55452-cvtres.read.1.tlog
E:\GitHub\LightingEstimation\LightingEstimation\LightingEstimation_marker\x64\Debug\link.55452-cvtres.write.1.tlog
E:\GitHub\LightingEstimation\LightingEstimation\LightingEstimation_marker\x64\Debug\link.55452-rc.read.1.tlog
E:\GitHub\LightingEstimation\LightingEstimation\LightingEstimation_marker\x64\Debug\link.55452-rc.write.1.tlog
E:\GitHub\LightingEstimation\LightingEstimation\LightingEstimation_marker\x64\Debug\link.55452.read.1.tlog
E:\GitHub\LightingEstimation\LightingEstimation\LightingEstimation_marker\x64\Debug\link.55452.write.1.tlog
E:\GitHub\LightingEstimation\LightingEstimation\LightingEstimation_marker\x64\Debug\link.56072-cvtres.read.1.tlog
E:\GitHub\LightingEstimation\LightingEstimation\LightingEstimation_marker\x64\Debug\link.56072-cvtres.write.1.tlog
E:\GitHub\LightingEstimation\LightingEstimation\LightingEstimation_marker\x64\Debug\link.56072-rc.read.1.tlog
E:\GitHub\LightingEstimation\LightingEstimation\LightingEstimation_marker\x64\Debug\link.56072-rc.write.1.tlog
E:\GitHub\LightingEstimation\LightingEstimation\LightingEstimation_marker\x64\Debug\link.56072.read.1.tlog
E:\GitHub\LightingEstimation\LightingEstimation\LightingEstimation_marker\x64\Debug\link.56072.write.1.tlog
E:\GitHub\LightingEstimation\LightingEstimation\LightingEstimation_marker\x64\Debug\link.56204-cvtres.read.1.tlog
E:\GitHub\LightingEstimation\LightingEstimation\LightingEstimation_marker\x64\Debug\link.56204-cvtres.write.1.tlog
E:\GitHub\LightingEstimation\LightingEstimation\LightingEstimation_marker\x64\Debug\link.56204-rc.read.1.tlog
E:\GitHub\LightingEstimation\LightingEstimation\LightingEstimation_marker\x64\Debug\link.56204-rc.write.1.tlog
E:\GitHub\LightingEstimation\LightingEstimation\LightingEstimation_marker\x64\Debug\link.56204.read.1.tlog
E:\GitHub\LightingEstimation\LightingEstimation\LightingEstimation_marker\x64\Debug\link.56204.write.1.tlog
E:\GitHub\LightingEstimation\LightingEstimation\LightingEstimation_marker\x64\Debug\link.5732-cvtres.read.1.tlog
E:\GitHub\LightingEstimation\LightingEstimation\LightingEstimation_marker\x64\Debug\link.5732-cvtres.write.1.tlog
E:\GitHub\LightingEstimation\LightingEstimation\LightingEstimation_marker\x64\Debug\link.5732-rc.read.1.tlog
E:\GitHub\LightingEstimation\LightingEstimation\LightingEstimation_marker\x64\Debug\link.5732-rc.write.1.tlog
E:\GitHub\LightingEstimation\LightingEstimation\LightingEstimation_marker\x64\Debug\link.5732.read.1.tlog
E:\GitHub\LightingEstimation\LightingEstimation\LightingEstimation_marker\x64\Debug\link.5732.write.1.tlog
E:\GitHub\LightingEstimation\LightingEstimation\LightingEstimation_marker\x64\Debug\link.57420-cvtres.read.1.tlog
E:\GitHub\LightingEstimation\LightingEstimation\LightingEstimation_marker\x64\Debug\link.57420-cvtres.write.1.tlog
E:\GitHub\LightingEstimation\LightingEstimation\LightingEstimation_marker\x64\Debug\link.57420-rc.read.1.tlog
E:\GitHub\LightingEstimation\LightingEstimation\LightingEstimation_marker\x64\Debug\link.57420-rc.write.1.tlog
E:\GitHub\LightingEstimation\LightingEstimation\LightingEstimation_marker\x64\Debug\link.57420.read.1.tlog
E:\GitHub\LightingEstimation\LightingEstimation\LightingEstimation_marker\x64\Debug\link.57420.write.1.tlog
E:\GitHub\LightingEstimation\LightingEstimation\LightingEstimation_marker\x64\Debug\link.57468-cvtres.read.1.tlog
E:\GitHub\LightingEstimation\LightingEstimation\LightingEstimation_marker\x64\Debug\link.57468-cvtres.write.1.tlog
E:\GitHub\LightingEstimation\LightingEstimation\LightingEstimation_marker\x64\Debug\link.57468-rc.read.1.tlog
E:\GitHub\LightingEstimation\LightingEstimation\LightingEstimation_marker\x64\Debug\link.57468-rc.write.1.tlog
E:\GitHub\LightingEstimation\LightingEstimation\LightingEstimation_marker\x64\Debug\link.57468.read.1.tlog
E:\GitHub\LightingEstimation\LightingEstimation\LightingEstimation_marker\x64\Debug\link.57468.write.1.tlog
E:\GitHub\LightingEstimation\LightingEstimation\LightingEstimation_marker\x64\Debug\link.57572-cvtres.read.1.tlog
E:\GitHub\LightingEstimation\LightingEstimation\LightingEstimation_marker\x64\Debug\link.57572-cvtres.write.1.tlog
E:\GitHub\LightingEstimation\LightingEstimation\LightingEstimation_marker\x64\Debug\link.57572-rc.read.1.tlog
E:\GitHub\LightingEstimation\LightingEstimation\LightingEstimation_marker\x64\Debug\link.57572-rc.write.1.tlog
E:\GitHub\LightingEstimation\LightingEstimation\LightingEstimation_marker\x64\Debug\link.57572.read.1.tlog
E:\GitHub\LightingEstimation\LightingEstimation\LightingEstimation_marker\x64\Debug\link.57572.write.1.tlog
E:\GitHub\LightingEstimation\LightingEstimation\LightingEstimation_marker\x64\Debug\link.57608-cvtres.read.1.tlog
E:\GitHub\LightingEstimation\LightingEstimation\LightingEstimation_marker\x64\Debug\link.57608-cvtres.write.1.tlog
E:\GitHub\LightingEstimation\LightingEstimation\LightingEstimation_marker\x64\Debug\link.57608-rc.read.1.tlog
E:\GitHub\LightingEstimation\LightingEstimation\LightingEstimation_marker\x64\Debug\link.57608-rc.write.1.tlog
E:\GitHub\LightingEstimation\LightingEstimation\LightingEstimation_marker\x64\Debug\link.57608.read.1.tlog
E:\GitHub\LightingEstimation\LightingEstimation\LightingEstimation_marker\x64\Debug\link.57608.write.1.tlog
E:\GitHub\LightingEstimation\LightingEstimation\LightingEstimation_marker\x64\Debug\link.57928-cvtres.read.1.tlog
E:\GitHub\LightingEstimation\LightingEstimation\LightingEstimation_marker\x64\Debug\link.57928-cvtres.write.1.tlog
E:\GitHub\LightingEstimation\LightingEstimation\LightingEstimation_marker\x64\Debug\link.57928-rc.read.1.tlog
E:\GitHub\LightingEstimation\LightingEstimation\LightingEstimation_marker\x64\Debug\link.57928-rc.write.1.tlog
E:\GitHub\LightingEstimation\LightingEstimation\LightingEstimation_marker\x64\Debug\link.57928.read.1.tlog
E:\GitHub\LightingEstimation\LightingEstimation\LightingEstimation_marker\x64\Debug\link.57928.write.1.tlog
E:\GitHub\LightingEstimation\LightingEstimation\LightingEstimation_marker\x64\Debug\link.58340-cvtres.read.1.tlog
E:\GitHub\LightingEstimation\LightingEstimation\LightingEstimation_marker\x64\Debug\link.58340-cvtres.write.1.tlog
E:\GitHub\LightingEstimation\LightingEstimation\LightingEstimation_marker\x64\Debug\link.58340-rc.read.1.tlog
E:\GitHub\LightingEstimation\LightingEstimation\LightingEstimation_marker\x64\Debug\link.58340-rc.write.1.tlog
E:\GitHub\LightingEstimation\LightingEstimation\LightingEstimation_marker\x64\Debug\link.58340.read.1.tlog
E:\GitHub\LightingEstimation\LightingEstimation\LightingEstimation_marker\x64\Debug\link.58340.write.1.tlog
E:\GitHub\LightingEstimation\LightingEstimation\LightingEstimation_marker\x64\Debug\link.5844-cvtres.read.1.tlog
E:\GitHub\LightingEstimation\LightingEstimation\LightingEstimation_marker\x64\Debug\link.5844-cvtres.write.1.tlog
E:\GitHub\LightingEstimation\LightingEstimation\LightingEstimation_marker\x64\Debug\link.5844-rc.read.1.tlog
E:\GitHub\LightingEstimation\LightingEstimation\LightingEstimation_marker\x64\Debug\link.5844-rc.write.1.tlog
E:\GitHub\LightingEstimation\LightingEstimation\LightingEstimation_marker\x64\Debug\link.5844.read.1.tlog
E:\GitHub\LightingEstimation\LightingEstimation\LightingEstimation_marker\x64\Debug\link.5844.write.1.tlog
E:\GitHub\LightingEstimation\LightingEstimation\LightingEstimation_marker\x64\Debug\link.58712-cvtres.read.1.tlog
E:\GitHub\LightingEstimation\LightingEstimation\LightingEstimation_marker\x64\Debug\link.58712-cvtres.write.1.tlog
E:\GitHub\LightingEstimation\LightingEstimation\LightingEstimation_marker\x64\Debug\link.58712-rc.read.1.tlog
E:\GitHub\LightingEstimation\LightingEstimation\LightingEstimation_marker\x64\Debug\link.58712-rc.write.1.tlog
E:\GitHub\LightingEstimation\LightingEstimation\LightingEstimation_marker\x64\Debug\link.58712.read.1.tlog
E:\GitHub\LightingEstimation\LightingEstimation\LightingEstimation_marker\x64\Debug\link.58712.write.1.tlog
E:\GitHub\LightingEstimation\LightingEstimation\LightingEstimation_marker\x64\Debug\link.5872-cvtres.read.1.tlog
E:\GitHub\LightingEstimation\LightingEstimation\LightingEstimation_marker\x64\Debug\link.5872-cvtres.write.1.tlog
E:\GitHub\LightingEstimation\LightingEstimation\LightingEstimation_marker\x64\Debug\link.5872-rc.read.1.tlog
E:\GitHub\LightingEstimation\LightingEstimation\LightingEstimation_marker\x64\Debug\link.5872-rc.write.1.tlog
E:\GitHub\LightingEstimation\LightingEstimation\LightingEstimation_marker\x64\Debug\link.5872.read.1.tlog
E:\GitHub\LightingEstimation\LightingEstimation\LightingEstimation_marker\x64\Debug\link.5872.write.1.tlog
E:\GitHub\LightingEstimation\LightingEstimation\LightingEstimation_marker\x64\Debug\link.58776-cvtres.read.1.tlog
E:\GitHub\LightingEstimation\LightingEstimation\LightingEstimation_marker\x64\Debug\link.58776-cvtres.write.1.tlog
E:\GitHub\LightingEstimation\LightingEstimation\LightingEstimation_marker\x64\Debug\link.58776-rc.read.1.tlog
E:\GitHub\LightingEstimation\LightingEstimation\LightingEstimation_marker\x64\Debug\link.58776-rc.write.1.tlog
E:\GitHub\LightingEstimation\LightingEstimation\LightingEstimation_marker\x64\Debug\link.58776.read.1.tlog
E:\GitHub\LightingEstimation\LightingEstimation\LightingEstimation_marker\x64\Debug\link.58776.write.1.tlog
E:\GitHub\LightingEstimation\LightingEstimation\LightingEstimation_marker\x64\Debug\link.60124-cvtres.read.1.tlog
E:\GitHub\LightingEstimation\LightingEstimation\LightingEstimation_marker\x64\Debug\link.60124-cvtres.write.1.tlog
E:\GitHub\LightingEstimation\LightingEstimation\LightingEstimation_marker\x64\Debug\link.60124-rc.read.1.tlog
E:\GitHub\LightingEstimation\LightingEstimation\LightingEstimation_marker\x64\Debug\link.60124-rc.write.1.tlog
E:\GitHub\LightingEstimation\LightingEstimation\LightingEstimation_marker\x64\Debug\link.60124.read.1.tlog
E:\GitHub\LightingEstimation\LightingEstimation\LightingEstimation_marker\x64\Debug\link.60124.write.1.tlog
E:\GitHub\LightingEstimation\LightingEstimation\LightingEstimation_marker\x64\Debug\link.60168-cvtres.read.1.tlog
E:\GitHub\LightingEstimation\LightingEstimation\LightingEstimation_marker\x64\Debug\link.60168-cvtres.write.1.tlog
E:\GitHub\LightingEstimation\LightingEstimation\LightingEstimation_marker\x64\Debug\link.60168-rc.read.1.tlog
E:\GitHub\LightingEstimation\LightingEstimation\LightingEstimation_marker\x64\Debug\link.60168-rc.write.1.tlog
E:\GitHub\LightingEstimation\LightingEstimation\LightingEstimation_marker\x64\Debug\link.60168.read.1.tlog
E:\GitHub\LightingEstimation\LightingEstimation\LightingEstimation_marker\x64\Debug\link.60168.write.1.tlog
E:\GitHub\LightingEstimation\LightingEstimation\LightingEstimation_marker\x64\Debug\link.60492-cvtres.read.1.tlog
E:\GitHub\LightingEstimation\LightingEstimation\LightingEstimation_marker\x64\Debug\link.60492-cvtres.write.1.tlog
E:\GitHub\LightingEstimation\LightingEstimation\LightingEstimation_marker\x64\Debug\link.60492-rc.read.1.tlog
E:\GitHub\LightingEstimation\LightingEstimation\LightingEstimation_marker\x64\Debug\link.60492-rc.write.1.tlog
E:\GitHub\LightingEstimation\LightingEstimation\LightingEstimation_marker\x64\Debug\link.60492.read.1.tlog
E:\GitHub\LightingEstimation\LightingEstimation\LightingEstimation_marker\x64\Debug\link.60492.write.1.tlog
E:\GitHub\LightingEstimation\LightingEstimation\LightingEstimation_marker\x64\Debug\link.60532-cvtres.read.1.tlog
E:\GitHub\LightingEstimation\LightingEstimation\LightingEstimation_marker\x64\Debug\link.60532-cvtres.write.1.tlog
E:\GitHub\LightingEstimation\LightingEstimation\LightingEstimation_marker\x64\Debug\link.60532-rc.read.1.tlog
E:\GitHub\LightingEstimation\LightingEstimation\LightingEstimation_marker\x64\Debug\link.60532-rc.write.1.tlog
E:\GitHub\LightingEstimation\LightingEstimation\LightingEstimation_marker\x64\Debug\link.60532.read.1.tlog
E:\GitHub\LightingEstimation\LightingEstimation\LightingEstimation_marker\x64\Debug\link.60532.write.1.tlog
E:\GitHub\LightingEstimation\LightingEstimation\LightingEstimation_marker\x64\Debug\link.6168.read.1.tlog
E:\GitHub\LightingEstimation\LightingEstimation\LightingEstimation_marker\x64\Debug\link.6168.write.1.tlog
E:\GitHub\LightingEstimation\LightingEstimation\LightingEstimation_marker\x64\Debug\link.6176-cvtres.read.1.tlog
E:\GitHub\LightingEstimation\LightingEstimation\LightingEstimation_marker\x64\Debug\link.6176-cvtres.write.1.tlog
E:\GitHub\LightingEstimation\LightingEstimation\LightingEstimation_marker\x64\Debug\link.6176-rc.read.1.tlog
E:\GitHub\LightingEstimation\LightingEstimation\LightingEstimation_marker\x64\Debug\link.6176-rc.write.1.tlog
E:\GitHub\LightingEstimation\LightingEstimation\LightingEstimation_marker\x64\Debug\link.6176.read.1.tlog
E:\GitHub\LightingEstimation\LightingEstimation\LightingEstimation_marker\x64\Debug\link.6176.write.1.tlog
E:\GitHub\LightingEstimation\LightingEstimation\LightingEstimation_marker\x64\Debug\link.6948-cvtres.read.1.tlog
E:\GitHub\LightingEstimation\LightingEstimation\LightingEstimation_marker\x64\Debug\link.6948-cvtres.write.1.tlog
E:\GitHub\LightingEstimation\LightingEstimation\LightingEstimation_marker\x64\Debug\link.6948-rc.read.1.tlog
E:\GitHub\LightingEstimation\LightingEstimation\LightingEstimation_marker\x64\Debug\link.6948-rc.write.1.tlog
E:\GitHub\LightingEstimation\LightingEstimation\LightingEstimation_marker\x64\Debug\link.6948.read.1.tlog
E:\GitHub\LightingEstimation\LightingEstimation\LightingEstimation_marker\x64\Debug\link.6948.write.1.tlog
E:\GitHub\LightingEstimation\LightingEstimation\LightingEstimation_marker\x64\Debug\link.7268-cvtres.read.1.tlog
E:\GitHub\LightingEstimation\LightingEstimation\LightingEstimation_marker\x64\Debug\link.7268-cvtres.write.1.tlog
E:\GitHub\LightingEstimation\LightingEstimation\LightingEstimation_marker\x64\Debug\link.7268-rc.read.1.tlog
E:\GitHub\LightingEstimation\LightingEstimation\LightingEstimation_marker\x64\Debug\link.7268-rc.write.1.tlog
E:\GitHub\LightingEstimation\LightingEstimation\LightingEstimation_marker\x64\Debug\link.7268.read.1.tlog
E:\GitHub\LightingEstimation\LightingEstimation\LightingEstimation_marker\x64\Debug\link.7268.write.1.tlog
E:\GitHub\LightingEstimation\LightingEstimation\LightingEstimation_marker\x64\Debug\link.7576-cvtres.read.1.tlog
E:\GitHub\LightingEstimation\LightingEstimation\LightingEstimation_marker\x64\Debug\link.7576-cvtres.write.1.tlog
E:\GitHub\LightingEstimation\LightingEstimation\LightingEstimation_marker\x64\Debug\link.7576-rc.read.1.tlog
E:\GitHub\LightingEstimation\LightingEstimation\LightingEstimation_marker\x64\Debug\link.7576-rc.write.1.tlog
E:\GitHub\LightingEstimation\LightingEstimation\LightingEstimation_marker\x64\Debug\link.7576.read.1.tlog
E:\GitHub\LightingEstimation\LightingEstimation\LightingEstimation_marker\x64\Debug\link.7576.write.1.tlog
E:\GitHub\LightingEstimation\LightingEstimation\LightingEstimation_marker\x64\Debug\link.764-cvtres.read.1.tlog
E:\GitHub\LightingEstimation\LightingEstimation\LightingEstimation_marker\x64\Debug\link.764-cvtres.write.1.tlog
E:\GitHub\LightingEstimation\LightingEstimation\LightingEstimation_marker\x64\Debug\link.764-rc.read.1.tlog
E:\GitHub\LightingEstimation\LightingEstimation\LightingEstimation_marker\x64\Debug\link.764-rc.write.1.tlog
E:\GitHub\LightingEstimation\LightingEstimation\LightingEstimation_marker\x64\Debug\link.764.read.1.tlog
E:\GitHub\LightingEstimation\LightingEstimation\LightingEstimation_marker\x64\Debug\link.764.write.1.tlog
E:\GitHub\LightingEstimation\LightingEstimation\LightingEstimation_marker\x64\Debug\link.7652-cvtres.read.1.tlog
E:\GitHub\LightingEstimation\LightingEstimation\LightingEstimation_marker\x64\Debug\link.7652-cvtres.write.1.tlog
E:\GitHub\LightingEstimation\LightingEstimation\LightingEstimation_marker\x64\Debug\link.7652-rc.read.1.tlog
E:\GitHub\LightingEstimation\LightingEstimation\LightingEstimation_marker\x64\Debug\link.7652-rc.write.1.tlog
E:\GitHub\LightingEstimation\LightingEstimation\LightingEstimation_marker\x64\Debug\link.7652.read.1.tlog
E:\GitHub\LightingEstimation\LightingEstimation\LightingEstimation_marker\x64\Debug\link.7652.write.1.tlog
E:\GitHub\LightingEstimation\LightingEstimation\LightingEstimation_marker\x64\Debug\link.7748-cvtres.read.1.tlog
E:\GitHub\LightingEstimation\LightingEstimation\LightingEstimation_marker\x64\Debug\link.7748-cvtres.write.1.tlog
E:\GitHub\LightingEstimation\LightingEstimation\LightingEstimation_marker\x64\Debug\link.7748-rc.read.1.tlog
E:\GitHub\LightingEstimation\LightingEstimation\LightingEstimation_marker\x64\Debug\link.7748-rc.write.1.tlog
E:\GitHub\LightingEstimation\LightingEstimation\LightingEstimation_marker\x64\Debug\link.7748.read.1.tlog
E:\GitHub\LightingEstimation\LightingEstimation\LightingEstimation_marker\x64\Debug\link.7748.write.1.tlog
E:\GitHub\LightingEstimation\LightingEstimation\LightingEstimation_marker\x64\Debug\link.7932-cvtres.read.1.tlog
E:\GitHub\LightingEstimation\LightingEstimation\LightingEstimation_marker\x64\Debug\link.7932-cvtres.write.1.tlog
E:\GitHub\LightingEstimation\LightingEstimation\LightingEstimation_marker\x64\Debug\link.7932-rc.read.1.tlog
E:\GitHub\LightingEstimation\LightingEstimation\LightingEstimation_marker\x64\Debug\link.7932-rc.write.1.tlog
E:\GitHub\LightingEstimation\LightingEstimation\LightingEstimation_marker\x64\Debug\link.7932.read.1.tlog
E:\GitHub\LightingEstimation\LightingEstimation\LightingEstimation_marker\x64\Debug\link.7932.write.1.tlog
E:\GitHub\LightingEstimation\LightingEstimation\LightingEstimation_marker\x64\Debug\link.8056-cvtres.read.1.tlog
E:\GitHub\LightingEstimation\LightingEstimation\LightingEstimation_marker\x64\Debug\link.8056-cvtres.write.1.tlog
E:\GitHub\LightingEstimation\LightingEstimation\LightingEstimation_marker\x64\Debug\link.8056-rc.read.1.tlog
E:\GitHub\LightingEstimation\LightingEstimation\LightingEstimation_marker\x64\Debug\link.8056-rc.write.1.tlog
E:\GitHub\LightingEstimation\LightingEstimation\LightingEstimation_marker\x64\Debug\link.8056.read.1.tlog
E:\GitHub\LightingEstimation\LightingEstimation\LightingEstimation_marker\x64\Debug\link.8056.write.1.tlog
E:\GitHub\LightingEstimation\LightingEstimation\LightingEstimation_marker\x64\Debug\link.8432-cvtres.read.1.tlog
E:\GitHub\LightingEstimation\LightingEstimation\LightingEstimation_marker\x64\Debug\link.8432-cvtres.write.1.tlog
E:\GitHub\LightingEstimation\LightingEstimation\LightingEstimation_marker\x64\Debug\link.8432-rc.read.1.tlog
E:\GitHub\LightingEstimation\LightingEstimation\LightingEstimation_marker\x64\Debug\link.8432-rc.write.1.tlog
E:\GitHub\LightingEstimation\LightingEstimation\LightingEstimation_marker\x64\Debug\link.8432.read.1.tlog
E:\GitHub\LightingEstimation\LightingEstimation\LightingEstimation_marker\x64\Debug\link.8432.write.1.tlog
E:\GitHub\LightingEstimation\LightingEstimation\LightingEstimation_marker\x64\Debug\link.8660-cvtres.read.1.tlog
E:\GitHub\LightingEstimation\LightingEstimation\LightingEstimation_marker\x64\Debug\link.8660-cvtres.write.1.tlog
E:\GitHub\LightingEstimation\LightingEstimation\LightingEstimation_marker\x64\Debug\link.8660-rc.read.1.tlog
E:\GitHub\LightingEstimation\LightingEstimation\LightingEstimation_marker\x64\Debug\link.8660-rc.write.1.tlog
E:\GitHub\LightingEstimation\LightingEstimation\LightingEstimation_marker\x64\Debug\link.8660.read.1.tlog
E:\GitHub\LightingEstimation\LightingEstimation\LightingEstimation_marker\x64\Debug\link.8660.write.1.tlog
E:\GitHub\LightingEstimation\LightingEstimation\LightingEstimation_marker\x64\Debug\link.8688-cvtres.read.1.tlog
E:\GitHub\LightingEstimation\LightingEstimation\LightingEstimation_marker\x64\Debug\link.8688-cvtres.write.1.tlog
E:\GitHub\LightingEstimation\LightingEstimation\LightingEstimation_marker\x64\Debug\link.8688-rc.read.1.tlog
E:\GitHub\LightingEstimation\LightingEstimation\LightingEstimation_marker\x64\Debug\link.8688-rc.write.1.tlog
E:\GitHub\LightingEstimation\LightingEstimation\LightingEstimation_marker\x64\Debug\link.8688.read.1.tlog
E:\GitHub\LightingEstimation\LightingEstimation\LightingEstimation_marker\x64\Debug\link.8688.write.1.tlog
E:\GitHub\LightingEstimation\LightingEstimation\LightingEstimation_marker\x64\Debug\link.8728-cvtres.read.1.tlog
E:\GitHub\LightingEstimation\LightingEstimation\LightingEstimation_marker\x64\Debug\link.8728-cvtres.write.1.tlog
E:\GitHub\LightingEstimation\LightingEstimation\LightingEstimation_marker\x64\Debug\link.8728-rc.read.1.tlog
E:\GitHub\LightingEstimation\LightingEstimation\LightingEstimation_marker\x64\Debug\link.8728-rc.write.1.tlog
E:\GitHub\LightingEstimation\LightingEstimation\LightingEstimation_marker\x64\Debug\link.8728.read.1.tlog
E:\GitHub\LightingEstimation\LightingEstimation\LightingEstimation_marker\x64\Debug\link.8728.write.1.tlog
E:\GitHub\LightingEstimation\LightingEstimation\LightingEstimation_marker\x64\Debug\link.9040-cvtres.read.1.tlog
E:\GitHub\LightingEstimation\LightingEstimation\LightingEstimation_marker\x64\Debug\link.9040-cvtres.write.1.tlog
E:\GitHub\LightingEstimation\LightingEstimation\LightingEstimation_marker\x64\Debug\link.9040-rc.read.1.tlog
E:\GitHub\LightingEstimation\LightingEstimation\LightingEstimation_marker\x64\Debug\link.9040-rc.write.1.tlog
E:\GitHub\LightingEstimation\LightingEstimation\LightingEstimation_marker\x64\Debug\link.9040.read.1.tlog
E:\GitHub\LightingEstimation\LightingEstimation\LightingEstimation_marker\x64\Debug\link.9040.write.1.tlog
E:\GitHub\LightingEstimation\LightingEstimation\LightingEstimation_marker\x64\Debug\link.9088-cvtres.read.1.tlog
E:\GitHub\LightingEstimation\LightingEstimation\LightingEstimation_marker\x64\Debug\link.9088-cvtres.write.1.tlog
E:\GitHub\LightingEstimation\LightingEstimation\LightingEstimation_marker\x64\Debug\link.9088-rc.read.1.tlog
E:\GitHub\LightingEstimation\LightingEstimation\LightingEstimation_marker\x64\Debug\link.9088-rc.write.1.tlog
E:\GitHub\LightingEstimation\LightingEstimation\LightingEstimation_marker\x64\Debug\link.9088.read.1.tlog
E:\GitHub\LightingEstimation\LightingEstimation\LightingEstimation_marker\x64\Debug\link.9088.write.1.tlog
E:\GitHub\LightingEstimation\LightingEstimation\LightingEstimation_marker\x64\Debug\link.9128-cvtres.read.1.tlog
E:\GitHub\LightingEstimation\LightingEstimation\LightingEstimation_marker\x64\Debug\link.9128-cvtres.write.1.tlog
E:\GitHub\LightingEstimation\LightingEstimation\LightingEstimation_marker\x64\Debug\link.9128-rc.read.1.tlog
E:\GitHub\LightingEstimation\LightingEstimation\LightingEstimation_marker\x64\Debug\link.9128-rc.write.1.tlog
E:\GitHub\LightingEstimation\LightingEstimation\LightingEstimation_marker\x64\Debug\link.9128.read.1.tlog
E:\GitHub\LightingEstimation\LightingEstimation\LightingEstimation_marker\x64\Debug\link.9128.write.1.tlog
E:\GitHub\LightingEstimation\LightingEstimation\LightingEstimation_marker\x64\Debug\link.9148-cvtres.read.1.tlog
E:\GitHub\LightingEstimation\LightingEstimation\LightingEstimation_marker\x64\Debug\link.9148-cvtres.write.1.tlog
E:\GitHub\LightingEstimation\LightingEstimation\LightingEstimation_marker\x64\Debug\link.9148-rc.read.1.tlog
E:\GitHub\LightingEstimation\LightingEstimation\LightingEstimation_marker\x64\Debug\link.9148-rc.write.1.tlog
E:\GitHub\LightingEstimation\LightingEstimation\LightingEstimation_marker\x64\Debug\link.9148.read.1.tlog
E:\GitHub\LightingEstimation\LightingEstimation\LightingEstimation_marker\x64\Debug\link.9148.write.1.tlog
E:\GitHub\LightingEstimation\LightingEstimation\LightingEstimation_marker\x64\Debug\link.980-cvtres.read.1.tlog
E:\GitHub\LightingEstimation\LightingEstimation\LightingEstimation_marker\x64\Debug\link.980-cvtres.write.1.tlog
E:\GitHub\LightingEstimation\LightingEstimation\LightingEstimation_marker\x64\Debug\link.980-rc.read.1.tlog
E:\GitHub\LightingEstimation\LightingEstimation\LightingEstimation_marker\x64\Debug\link.980-rc.write.1.tlog
E:\GitHub\LightingEstimation\LightingEstimation\LightingEstimation_marker\x64\Debug\link.980.read.1.tlog
E:\GitHub\LightingEstimation\LightingEstimation\LightingEstimation_marker\x64\Debug\link.980.write.1.tlog
E:\GitHub\LightingEstimation\LightingEstimation\LightingEstimation_marker\x64\Debug\link.command.1.tlog
E:\GitHub\LightingEstimation\LightingEstimation\LightingEstimation_marker\x64\Debug\link.read.1.tlog
E:\GitHub\LightingEstimation\LightingEstimation\LightingEstimation_marker\x64\Debug\link.write.1.tlog
E:\GitHub\LightingEstimation\LightingEstimation\LightingEstimation_marker\x64\Debug\vc110.idb
E:\GitHub\LightingEstimation\LightingEstimation\LightingEstimation_marker\x64\Debug\vc110.pdb
E:\GitHub\LightingEstimation\LightingEstimation\x64\Debug\LightingEstimation_marker.pdb
E:\GitHub\LightingEstimation\LightingEstimation\x64\Debug\LightingEstimation_marker.exe
E:\GitHub\LightingEstimation\LightingEstimation\x64\Debug\LightingEstimation_marker.ilk
